Using pre-set license
Built from '2021.1/staging' branch; Version is '2021.1.6f1 (c0fade0cc7e9) revision 12647134'; Using compiler version '192528614'; Build Type 'Release'
OS: 'Windows 10 Pro; OS build 19043.1237; Version 2009; 64bit' Language: 'de' Physical Memory: 16301 MB
BatchMode: 1, IsHumanControllingUs: 0, StartBugReporterOnCrash: 0, Is64bit: 1, IsPro: 0

 COMMAND LINE ARGUMENTS:
C:\Program Files\Unity\Hub\Editor\2021.1.6f1\Editor\Unity.exe
-adb2
-batchMode
-noUpm
-name
AssetImportWorker0
-projectPath
C:/Users/klein/Documents/GameDev/UNSTABLE-witch-bridge/LudumDare49
-logFile
Logs/AssetImportWorker0.log
-srvPort
52911
Successfully changed project path to: C:/Users/klein/Documents/GameDev/UNSTABLE-witch-bridge/LudumDare49
C:/Users/klein/Documents/GameDev/UNSTABLE-witch-bridge/LudumDare49
Using Asset Import Pipeline V2.
Refreshing native plugins compatible for Editor in 115.94 ms, found 2 plugins.
Preloading 0 native plugins for Editor in 0.00 ms.
Initialize engine version: 2021.1.6f1 (c0fade0cc7e9)
[Subsystems] Discovering subsystems at path C:/Program Files/Unity/Hub/Editor/2021.1.6f1/Editor/Data/Resources/UnitySubsystems
[Subsystems] Discovering subsystems at path C:/Users/klein/Documents/GameDev/UNSTABLE-witch-bridge/LudumDare49/Assets
GfxDevice: creating device client; threaded=0; jobified=0
Direct3D:
    Version:  Direct3D 11.0 [level 11.1]
    Renderer: NVIDIA GeForce GTX 1060 (ID=0x1c20)
    Vendor:   NVIDIA
    VRAM:     6054 MB
    Driver:   27.21.14.6089
Initialize mono
Mono path[0] = 'C:/Program Files/Unity/Hub/Editor/2021.1.6f1/Editor/Data/Managed'
Mono path[1] = 'C:/Program Files/Unity/Hub/Editor/2021.1.6f1/Editor/Data/MonoBleedingEdge/lib/mono/unityjit'
Mono config path = 'C:/Program Files/Unity/Hub/Editor/2021.1.6f1/Editor/Data/MonoBleedingEdge/etc'
Using monoOptions --debugger-agent=transport=dt_socket,embedding=1,server=y,suspend=n,address=127.0.0.1:56276
Begin MonoManager ReloadAssembly
Registering precompiled unity dll's ...
Register platform support module: C:/Program Files/Unity/Hub/Editor/2021.1.6f1/Editor/Data/PlaybackEngines/WebGLSupport/UnityEditor.WebGL.Extensions.dll
Register platform support module: C:/Program Files/Unity/Hub/Editor/2021.1.6f1/Editor/Data/PlaybackEngines/WindowsStandaloneSupport/UnityEditor.WindowsStandalone.Extensions.dll
Registered in 0.003063 seconds.
Native extension for WindowsStandalone target not found
Native extension for WebGL target not found
Refreshing native plugins compatible for Editor in 116.82 ms, found 2 plugins.
Preloading 0 native plugins for Editor in 0.00 ms.
Mono: successfully reloaded assembly
- Completed reload, in  2.321 seconds
Platform modules already initialized, skipping
Registering precompiled user dll's ...
Registered in 0.005241 seconds.
Begin MonoManager ReloadAssembly
Native extension for WindowsStandalone target not found
Native extension for WebGL target not found
Refreshing native plugins compatible for Editor in 130.99 ms, found 2 plugins.
Preloading 0 native plugins for Editor in 0.00 ms.
Mono: successfully reloaded assembly
- Completed reload, in  1.670 seconds
Platform modules already initialized, skipping
========================================================================
Worker process is ready to serve import requests
Launched and connected shader compiler UnityShaderCompiler.exe after 0.06 seconds
Refreshing native plugins compatible for Editor in 0.75 ms, found 2 plugins.
Preloading 0 native plugins for Editor in 0.00 ms.
Unloading 3384 Unused Serialized files (Serialized files now loaded: 0)
System memory in use before: 201.7 MB.
System memory in use after: 201.8 MB.

Unloading 28 unused Assets to reduce memory usage. Loaded Objects now: 3850.
Total: 4.187500 ms (FindLiveObjects: 0.323200 ms CreateObjectMapping: 0.116800 ms MarkObjects: 3.496400 ms  DeleteObjects: 0.249900 ms)

========================================================================
Received Import Request.
  path: Assets/Sprites/Background3.jpg
  artifactKey: Guid(330a6d6c3c8bcdc4ab0d033d0d1188f7) Importer(815301076,1909f56bfc062723c751e8b465ee728b)
Start importing Assets/Sprites/Background3.jpg using Guid(330a6d6c3c8bcdc4ab0d033d0d1188f7) Importer(815301076,1909f56bfc062723c751e8b465ee728b)  -> (artifact id: '8cb70c8414a4cf16e83fcb58aa3e32a2') in 0.142042 seconds 
========================================================================
Received Import Request.
  Time since last request: 0.211743 seconds.
  path: Assets/Scripts/Gamemanager.cs
  artifactKey: Guid(b1c26e124e6956a4db198e788d1b793f) Importer(815301076,1909f56bfc062723c751e8b465ee728b)
Start importing Assets/Scripts/Gamemanager.cs using Guid(b1c26e124e6956a4db198e788d1b793f) Importer(815301076,1909f56bfc062723c751e8b465ee728b)  -> (artifact id: 'a8673ef7e8a7acf838424bb7173c4848') in 0.054104 seconds 
========================================================================
Received Prepare
Registering precompiled user dll's ...
Registered in 0.005995 seconds.
Begin MonoManager ReloadAssembly
Native extension for WindowsStandalone target not found
Native extension for WebGL target not found
Refreshing native plugins compatible for Editor in 0.80 ms, found 2 plugins.
Preloading 0 native plugins for Editor in 0.00 ms.
Mono: successfully reloaded assembly
- Completed reload, in  1.428 seconds
Platform modules already initialized, skipping
Refreshing native plugins compatible for Editor in 1.10 ms, found 2 plugins.
Preloading 0 native plugins for Editor in 0.00 ms.
Unloading 3380 Unused Serialized files (Serialized files now loaded: 0)
System memory in use before: 206.9 MB.
System memory in use after: 207.0 MB.

Unloading 17 unused Assets to reduce memory usage. Loaded Objects now: 3875.
Total: 3.289300 ms (FindLiveObjects: 0.308700 ms CreateObjectMapping: 0.258100 ms MarkObjects: 2.550000 ms  DeleteObjects: 0.171800 ms)

========================================================================
Received Import Request.
  Time since last request: 145.273856 seconds.
  path: Assets/Scripts/Gamemanager.cs
  artifactKey: Guid(b1c26e124e6956a4db198e788d1b793f) Importer(815301076,1909f56bfc062723c751e8b465ee728b)
Start importing Assets/Scripts/Gamemanager.cs using Guid(b1c26e124e6956a4db198e788d1b793f) Importer(815301076,1909f56bfc062723c751e8b465ee728b)  -> (artifact id: 'b5f21b584d8770f6067e2ad24317e8b5') in 0.009749 seconds 
========================================================================
Received Prepare
Registering precompiled user dll's ...
Registered in 0.004193 seconds.
Begin MonoManager ReloadAssembly
Native extension for WindowsStandalone target not found
Native extension for WebGL target not found
Refreshing native plugins compatible for Editor in 1.37 ms, found 2 plugins.
Preloading 0 native plugins for Editor in 0.00 ms.
Mono: successfully reloaded assembly
- Completed reload, in  1.458 seconds
Platform modules already initialized, skipping
Refreshing native plugins compatible for Editor in 2.39 ms, found 2 plugins.
Preloading 0 native plugins for Editor in 0.00 ms.
Unloading 3379 Unused Serialized files (Serialized files now loaded: 0)
System memory in use before: 206.9 MB.
System memory in use after: 207.0 MB.

Unloading 17 unused Assets to reduce memory usage. Loaded Objects now: 3879.
Total: 7.209300 ms (FindLiveObjects: 1.047300 ms CreateObjectMapping: 0.815900 ms MarkObjects: 5.199400 ms  DeleteObjects: 0.143600 ms)

========================================================================
Received Prepare
Registering precompiled user dll's ...
Registered in 0.004388 seconds.
Begin MonoManager ReloadAssembly
Native extension for WindowsStandalone target not found
Native extension for WebGL target not found
Refreshing native plugins compatible for Editor in 1.70 ms, found 2 plugins.
Preloading 0 native plugins for Editor in 0.00 ms.
Mono: successfully reloaded assembly
- Completed reload, in  1.330 seconds
Platform modules already initialized, skipping
Refreshing native plugins compatible for Editor in 0.71 ms, found 2 plugins.
Preloading 0 native plugins for Editor in 0.00 ms.
Unloading 3379 Unused Serialized files (Serialized files now loaded: 0)
System memory in use before: 206.9 MB.
System memory in use after: 207.0 MB.

Unloading 17 unused Assets to reduce memory usage. Loaded Objects now: 3883.
Total: 6.572400 ms (FindLiveObjects: 0.326200 ms CreateObjectMapping: 0.209100 ms MarkObjects: 5.811600 ms  DeleteObjects: 0.223100 ms)

========================================================================
Received Prepare
Registering precompiled user dll's ...
Registered in 0.004700 seconds.
Begin MonoManager ReloadAssembly
Native extension for WindowsStandalone target not found
Native extension for WebGL target not found
Refreshing native plugins compatible for Editor in 0.82 ms, found 2 plugins.
Preloading 0 native plugins for Editor in 0.00 ms.
Mono: successfully reloaded assembly
- Completed reload, in  1.143 seconds
Platform modules already initialized, skipping
Refreshing native plugins compatible for Editor in 0.79 ms, found 2 plugins.
Preloading 0 native plugins for Editor in 0.00 ms.
Unloading 3379 Unused Serialized files (Serialized files now loaded: 0)
System memory in use before: 206.9 MB.
System memory in use after: 207.0 MB.

Unloading 17 unused Assets to reduce memory usage. Loaded Objects now: 3887.
Total: 4.241700 ms (FindLiveObjects: 0.537000 ms CreateObjectMapping: 0.252600 ms MarkObjects: 3.299600 ms  DeleteObjects: 0.150900 ms)

========================================================================
Received Import Request.
  Time since last request: 860.182064 seconds.
  path: Assets/Scripts/Movement.cs
  artifactKey: Guid(90495e8bc137ea347a99e49db3dcd915) Importer(815301076,1909f56bfc062723c751e8b465ee728b)
Start importing Assets/Scripts/Movement.cs using Guid(90495e8bc137ea347a99e49db3dcd915) Importer(815301076,1909f56bfc062723c751e8b465ee728b)  -> (artifact id: 'b7dc9fce329e95c28a9f866ef8a7a040') in 0.047611 seconds 
========================================================================
Received Import Request.
  Time since last request: 215.375239 seconds.
  path: Assets/Scripts/Movement.cs
  artifactKey: Guid(90495e8bc137ea347a99e49db3dcd915) Importer(815301076,1909f56bfc062723c751e8b465ee728b)
Start importing Assets/Scripts/Movement.cs using Guid(90495e8bc137ea347a99e49db3dcd915) Importer(815301076,1909f56bfc062723c751e8b465ee728b)  -> (artifact id: 'c94841b7cec6daedddd12824fb6f552d') in 0.003666 seconds 
========================================================================
Received Import Request.
  Time since last request: 32.218061 seconds.
  path: Assets/Scripts/Movement.cs
  artifactKey: Guid(90495e8bc137ea347a99e49db3dcd915) Importer(815301076,1909f56bfc062723c751e8b465ee728b)
Start importing Assets/Scripts/Movement.cs using Guid(90495e8bc137ea347a99e49db3dcd915) Importer(815301076,1909f56bfc062723c751e8b465ee728b)  -> (artifact id: 'b70a7cb8d6470b6e6b96673326427b9d') in 0.002903 seconds 
========================================================================
Received Import Request.
  Time since last request: 70.707396 seconds.
  path: Assets/Scripts/Movement.cs
  artifactKey: Guid(90495e8bc137ea347a99e49db3dcd915) Importer(815301076,1909f56bfc062723c751e8b465ee728b)
Start importing Assets/Scripts/Movement.cs using Guid(90495e8bc137ea347a99e49db3dcd915) Importer(815301076,1909f56bfc062723c751e8b465ee728b)  -> (artifact id: '957feaf682aa09b9e4538447514fc0a4') in 0.005014 seconds 
========================================================================
Received Import Request.
  Time since last request: 141.548065 seconds.
  path: Assets/Scripts/Movement.cs
  artifactKey: Guid(90495e8bc137ea347a99e49db3dcd915) Importer(815301076,1909f56bfc062723c751e8b465ee728b)
Start importing Assets/Scripts/Movement.cs using Guid(90495e8bc137ea347a99e49db3dcd915) Importer(815301076,1909f56bfc062723c751e8b465ee728b)  -> (artifact id: '73a39e7a6a2b90f7b40c213d41bb2510') in 0.015781 seconds 
========================================================================
Received Import Request.
  Time since last request: 87.440499 seconds.
  path: Assets/Scripts/Movement.cs
  artifactKey: Guid(90495e8bc137ea347a99e49db3dcd915) Importer(815301076,1909f56bfc062723c751e8b465ee728b)
Start importing Assets/Scripts/Movement.cs using Guid(90495e8bc137ea347a99e49db3dcd915) Importer(815301076,1909f56bfc062723c751e8b465ee728b)  -> (artifact id: '9eb66a37af401ca0bf07e97e1091f032') in 0.004305 seconds 
========================================================================
Received Import Request.
  Time since last request: 38.463460 seconds.
  path: Assets/Scripts/Movement.cs
  artifactKey: Guid(90495e8bc137ea347a99e49db3dcd915) Importer(815301076,1909f56bfc062723c751e8b465ee728b)
Start importing Assets/Scripts/Movement.cs using Guid(90495e8bc137ea347a99e49db3dcd915) Importer(815301076,1909f56bfc062723c751e8b465ee728b)  -> (artifact id: '92c6a5758f031e790a8a99080f297d9d') in 0.003232 seconds 
========================================================================
Received Prepare
Registering precompiled user dll's ...
Registered in 0.003969 seconds.
Begin MonoManager ReloadAssembly
Native extension for WindowsStandalone target not found
Native extension for WebGL target not found
Refreshing native plugins compatible for Editor in 0.93 ms, found 2 plugins.
Preloading 0 native plugins for Editor in 0.00 ms.
Mono: successfully reloaded assembly
- Completed reload, in  1.256 seconds
Platform modules already initialized, skipping
Refreshing native plugins compatible for Editor in 1.02 ms, found 2 plugins.
Preloading 0 native plugins for Editor in 0.00 ms.
Unloading 3379 Unused Serialized files (Serialized files now loaded: 0)
System memory in use before: 206.9 MB.
System memory in use after: 207.0 MB.

Unloading 17 unused Assets to reduce memory usage. Loaded Objects now: 3891.
Total: 5.262900 ms (FindLiveObjects: 0.502900 ms CreateObjectMapping: 0.224900 ms MarkObjects: 4.366400 ms  DeleteObjects: 0.167000 ms)

========================================================================
Received Prepare
Registering precompiled user dll's ...
Registered in 0.005723 seconds.
Begin MonoManager ReloadAssembly
Native extension for WindowsStandalone target not found
Native extension for WebGL target not found
Refreshing native plugins compatible for Editor in 1.18 ms, found 2 plugins.
Preloading 0 native plugins for Editor in 0.00 ms.
Mono: successfully reloaded assembly
- Completed reload, in  1.102 seconds
Platform modules already initialized, skipping
Refreshing native plugins compatible for Editor in 0.71 ms, found 2 plugins.
Preloading 0 native plugins for Editor in 0.00 ms.
Unloading 3379 Unused Serialized files (Serialized files now loaded: 0)
System memory in use before: 206.9 MB.
System memory in use after: 207.0 MB.

Unloading 17 unused Assets to reduce memory usage. Loaded Objects now: 3895.
Total: 3.601500 ms (FindLiveObjects: 0.343400 ms CreateObjectMapping: 0.159800 ms MarkObjects: 2.884800 ms  DeleteObjects: 0.212500 ms)

========================================================================
Received Prepare
Registering precompiled user dll's ...
Registered in 0.005209 seconds.
Begin MonoManager ReloadAssembly
Native extension for WindowsStandalone target not found
Native extension for WebGL target not found
Refreshing native plugins compatible for Editor in 1.02 ms, found 2 plugins.
Preloading 0 native plugins for Editor in 0.00 ms.
Mono: successfully reloaded assembly
- Completed reload, in  1.219 seconds
Platform modules already initialized, skipping
Refreshing native plugins compatible for Editor in 0.98 ms, found 2 plugins.
Preloading 0 native plugins for Editor in 0.00 ms.
Unloading 3379 Unused Serialized files (Serialized files now loaded: 0)
System memory in use before: 207.0 MB.
System memory in use after: 207.1 MB.

Unloading 17 unused Assets to reduce memory usage. Loaded Objects now: 3899.
Total: 4.528400 ms (FindLiveObjects: 0.619300 ms CreateObjectMapping: 0.232500 ms MarkObjects: 3.548300 ms  DeleteObjects: 0.126900 ms)

========================================================================
Received Import Request.
  Time since last request: 283.446694 seconds.
  path: Assets/Scripts/Movement.cs
  artifactKey: Guid(90495e8bc137ea347a99e49db3dcd915) Importer(815301076,1909f56bfc062723c751e8b465ee728b)
Start importing Assets/Scripts/Movement.cs using Guid(90495e8bc137ea347a99e49db3dcd915) Importer(815301076,1909f56bfc062723c751e8b465ee728b)  -> (artifact id: '0a9f06df5f221a71b4b805d45c62f736') in 0.007370 seconds 
========================================================================
Received Import Request.
  Time since last request: 169.733402 seconds.
  path: Assets/Scripts/Movement.cs
  artifactKey: Guid(90495e8bc137ea347a99e49db3dcd915) Importer(815301076,1909f56bfc062723c751e8b465ee728b)
Start importing Assets/Scripts/Movement.cs using Guid(90495e8bc137ea347a99e49db3dcd915) Importer(815301076,1909f56bfc062723c751e8b465ee728b)  -> (artifact id: '976a6617182ba25755f0cd44153c1527') in 0.004426 seconds 
========================================================================
Received Import Request.
  Time since last request: 9.901780 seconds.
  path: Assets/Scripts/Movement.cs
  artifactKey: Guid(90495e8bc137ea347a99e49db3dcd915) Importer(815301076,1909f56bfc062723c751e8b465ee728b)
Start importing Assets/Scripts/Movement.cs using Guid(90495e8bc137ea347a99e49db3dcd915) Importer(815301076,1909f56bfc062723c751e8b465ee728b)  -> (artifact id: 'ad3cad84c752ff571893ed6563d97f58') in 0.003315 seconds 
========================================================================
Received Import Request.
  Time since last request: 28.447295 seconds.
  path: Assets/Scripts/Movement.cs
  artifactKey: Guid(90495e8bc137ea347a99e49db3dcd915) Importer(815301076,1909f56bfc062723c751e8b465ee728b)
Start importing Assets/Scripts/Movement.cs using Guid(90495e8bc137ea347a99e49db3dcd915) Importer(815301076,1909f56bfc062723c751e8b465ee728b)  -> (artifact id: 'e517a8a1bb504d97ae68f3c9669c8b48') in 0.012299 seconds 
========================================================================
Received Import Request.
  Time since last request: 9.957266 seconds.
  path: Assets/Scripts/Movement.cs
  artifactKey: Guid(90495e8bc137ea347a99e49db3dcd915) Importer(815301076,1909f56bfc062723c751e8b465ee728b)
Start importing Assets/Scripts/Movement.cs using Guid(90495e8bc137ea347a99e49db3dcd915) Importer(815301076,1909f56bfc062723c751e8b465ee728b)  -> (artifact id: '14a01e4a23a6a143bd52907d60ce9bff') in 0.003762 seconds 
========================================================================
Received Prepare
Registering precompiled user dll's ...
Registered in 0.004108 seconds.
Begin MonoManager ReloadAssembly
Native extension for WindowsStandalone target not found
Native extension for WebGL target not found
Refreshing native plugins compatible for Editor in 0.67 ms, found 2 plugins.
Preloading 0 native plugins for Editor in 0.00 ms.
Mono: successfully reloaded assembly
- Completed reload, in  1.194 seconds
Platform modules already initialized, skipping
Refreshing native plugins compatible for Editor in 1.11 ms, found 2 plugins.
Preloading 0 native plugins for Editor in 0.00 ms.
Unloading 3379 Unused Serialized files (Serialized files now loaded: 0)
System memory in use before: 207.0 MB.
System memory in use after: 207.1 MB.

Unloading 17 unused Assets to reduce memory usage. Loaded Objects now: 3903.
Total: 3.330700 ms (FindLiveObjects: 0.361600 ms CreateObjectMapping: 0.191700 ms MarkObjects: 2.655000 ms  DeleteObjects: 0.118500 ms)

========================================================================
Received Import Request.
  Time since last request: 19.451000 seconds.
  path: Assets/Scripts/Movement.cs
  artifactKey: Guid(90495e8bc137ea347a99e49db3dcd915) Importer(815301076,1909f56bfc062723c751e8b465ee728b)
Start importing Assets/Scripts/Movement.cs using Guid(90495e8bc137ea347a99e49db3dcd915) Importer(815301076,1909f56bfc062723c751e8b465ee728b)  -> (artifact id: '89daf0ff4d3ba1b83b6486aad119c13f') in 0.008878 seconds 
========================================================================
Received Prepare
Registering precompiled user dll's ...
Registered in 0.005887 seconds.
Begin MonoManager ReloadAssembly
Native extension for WindowsStandalone target not found
Native extension for WebGL target not found
Refreshing native plugins compatible for Editor in 0.70 ms, found 2 plugins.
Preloading 0 native plugins for Editor in 0.00 ms.
Mono: successfully reloaded assembly
- Completed reload, in  1.175 seconds
Platform modules already initialized, skipping
Refreshing native plugins compatible for Editor in 0.81 ms, found 2 plugins.
Preloading 0 native plugins for Editor in 0.00 ms.
Unloading 3379 Unused Serialized files (Serialized files now loaded: 0)
System memory in use before: 207.0 MB.
System memory in use after: 207.1 MB.

Unloading 17 unused Assets to reduce memory usage. Loaded Objects now: 3907.
Total: 2.819100 ms (FindLiveObjects: 0.327000 ms CreateObjectMapping: 0.149600 ms MarkObjects: 2.182100 ms  DeleteObjects: 0.159300 ms)

========================================================================
Received Import Request.
  Time since last request: 325.752801 seconds.
  path: Assets/Scripts/DragDrop.cs
  artifactKey: Guid(62ffdacd29177164b90239e40a7cc775) Importer(815301076,1909f56bfc062723c751e8b465ee728b)
Start importing Assets/Scripts/DragDrop.cs using Guid(62ffdacd29177164b90239e40a7cc775) Importer(815301076,1909f56bfc062723c751e8b465ee728b)  -> (artifact id: '5bcdbf23b005bb80113204447c47f13c') in 0.039512 seconds 
========================================================================
Received Prepare
Registering precompiled user dll's ...
Registered in 0.005442 seconds.
Begin MonoManager ReloadAssembly
Native extension for WindowsStandalone target not found
Native extension for WebGL target not found
Refreshing native plugins compatible for Editor in 1.14 ms, found 2 plugins.
Preloading 0 native plugins for Editor in 0.00 ms.
Mono: successfully reloaded assembly
- Completed reload, in  1.197 seconds
Platform modules already initialized, skipping
Refreshing native plugins compatible for Editor in 1.88 ms, found 2 plugins.
Preloading 0 native plugins for Editor in 0.00 ms.
Unloading 3379 Unused Serialized files (Serialized files now loaded: 0)
System memory in use before: 207.0 MB.
System memory in use after: 207.1 MB.

Unloading 17 unused Assets to reduce memory usage. Loaded Objects now: 3911.
Total: 3.124500 ms (FindLiveObjects: 0.405500 ms CreateObjectMapping: 0.203900 ms MarkObjects: 2.340900 ms  DeleteObjects: 0.173400 ms)

========================================================================
Received Import Request.
  Time since last request: 108.669144 seconds.
  path: Assets/Scripts/DragDrop.cs
  artifactKey: Guid(62ffdacd29177164b90239e40a7cc775) Importer(815301076,1909f56bfc062723c751e8b465ee728b)
Start importing Assets/Scripts/DragDrop.cs using Guid(62ffdacd29177164b90239e40a7cc775) Importer(815301076,1909f56bfc062723c751e8b465ee728b)  -> (artifact id: 'a38bb7bb6bdd5bc054c6a2658888faa5') in 0.008991 seconds 
========================================================================
Received Prepare
Registering precompiled user dll's ...
Registered in 0.005031 seconds.
Begin MonoManager ReloadAssembly
Native extension for WindowsStandalone target not found
Native extension for WebGL target not found
Refreshing native plugins compatible for Editor in 0.82 ms, found 2 plugins.
Preloading 0 native plugins for Editor in 0.00 ms.
Mono: successfully reloaded assembly
- Completed reload, in  1.434 seconds
Platform modules already initialized, skipping
Refreshing native plugins compatible for Editor in 0.77 ms, found 2 plugins.
Preloading 0 native plugins for Editor in 0.00 ms.
Unloading 3379 Unused Serialized files (Serialized files now loaded: 0)
System memory in use before: 207.0 MB.
System memory in use after: 207.1 MB.

Unloading 17 unused Assets to reduce memory usage. Loaded Objects now: 3915.
Total: 2.952800 ms (FindLiveObjects: 0.299300 ms CreateObjectMapping: 0.154000 ms MarkObjects: 2.346900 ms  DeleteObjects: 0.151500 ms)

========================================================================
Received Import Request.
  Time since last request: 52.468151 seconds.
  path: Assets/Scripts/DragDrop.cs
  artifactKey: Guid(62ffdacd29177164b90239e40a7cc775) Importer(815301076,1909f56bfc062723c751e8b465ee728b)
Start importing Assets/Scripts/DragDrop.cs using Guid(62ffdacd29177164b90239e40a7cc775) Importer(815301076,1909f56bfc062723c751e8b465ee728b)  -> (artifact id: 'acf2da7787321c10a92c73f0ca21c4e0') in 0.008687 seconds 
========================================================================
Received Prepare
Registering precompiled user dll's ...
Registered in 0.004920 seconds.
Begin MonoManager ReloadAssembly
Native extension for WindowsStandalone target not found
Native extension for WebGL target not found
Refreshing native plugins compatible for Editor in 2.61 ms, found 2 plugins.
Preloading 0 native plugins for Editor in 0.00 ms.
Mono: successfully reloaded assembly
- Completed reload, in  1.253 seconds
Platform modules already initialized, skipping
Refreshing native plugins compatible for Editor in 0.84 ms, found 2 plugins.
Preloading 0 native plugins for Editor in 0.00 ms.
Unloading 3379 Unused Serialized files (Serialized files now loaded: 0)
System memory in use before: 207.0 MB.
System memory in use after: 207.1 MB.

Unloading 17 unused Assets to reduce memory usage. Loaded Objects now: 3919.
Total: 3.047800 ms (FindLiveObjects: 0.303900 ms CreateObjectMapping: 0.129700 ms MarkObjects: 2.459300 ms  DeleteObjects: 0.154200 ms)

========================================================================
Received Import Request.
  Time since last request: 62.464119 seconds.
  path: Assets/Scripts/DragDrop.cs
  artifactKey: Guid(62ffdacd29177164b90239e40a7cc775) Importer(815301076,1909f56bfc062723c751e8b465ee728b)
Start importing Assets/Scripts/DragDrop.cs using Guid(62ffdacd29177164b90239e40a7cc775) Importer(815301076,1909f56bfc062723c751e8b465ee728b)  -> (artifact id: 'f5da02f117da9f09aa6032f1b02b73f2') in 0.007620 seconds 
========================================================================
Received Prepare
Registering precompiled user dll's ...
Registered in 0.004444 seconds.
Begin MonoManager ReloadAssembly
Native extension for WindowsStandalone target not found
Native extension for WebGL target not found
Refreshing native plugins compatible for Editor in 0.65 ms, found 2 plugins.
Preloading 0 native plugins for Editor in 0.00 ms.
Mono: successfully reloaded assembly
- Completed reload, in  1.145 seconds
Platform modules already initialized, skipping
Refreshing native plugins compatible for Editor in 0.74 ms, found 2 plugins.
Preloading 0 native plugins for Editor in 0.00 ms.
Unloading 3379 Unused Serialized files (Serialized files now loaded: 0)
System memory in use before: 207.0 MB.
System memory in use after: 207.1 MB.

Unloading 17 unused Assets to reduce memory usage. Loaded Objects now: 3923.
Total: 3.519700 ms (FindLiveObjects: 0.364900 ms CreateObjectMapping: 0.162400 ms MarkObjects: 2.836600 ms  DeleteObjects: 0.155000 ms)

========================================================================
Received Import Request.
  Time since last request: 129.997353 seconds.
  path: Assets/Sprites/Hintergrund3.jpg
  artifactKey: Guid(92a5a7bab445752438115c0d3a1d43c2) Importer(815301076,1909f56bfc062723c751e8b465ee728b)
Start importing Assets/Sprites/Hintergrund3.jpg using Guid(92a5a7bab445752438115c0d3a1d43c2) Importer(815301076,1909f56bfc062723c751e8b465ee728b)  -> (artifact id: '7aa09d58754cca10ad46e29008c12cbc') in 0.068114 seconds 
========================================================================
Received Prepare
Refreshing native plugins compatible for Editor in 4.00 ms, found 2 plugins.
Preloading 0 native plugins for Editor in 0.00 ms.
Unloading 15 Unused Serialized files (Serialized files now loaded: 0)
System memory in use before: 140.5 MB.
System memory in use after: 140.6 MB.

Unloading 15 unused Assets to reduce memory usage. Loaded Objects now: 3925.
Total: 7.639500 ms (FindLiveObjects: 0.309000 ms CreateObjectMapping: 0.184700 ms MarkObjects: 6.808000 ms  DeleteObjects: 0.318900 ms)

AssetImportWorkerClient::OnTransportError - code=2 error=End of file
